Using pre-set license
Built from '2020.3/staging' branch; Version is '2020.3.19f1 (68f137dc9bbe) revision 6877495'; Using compiler version '192528614'; Build Type 'Release'
OS: 'Windows 10 Pro; OS build 19042.867; Version 2009; 64bit' Language: 'pl' Physical Memory: 8121 MB
BatchMode: 1, IsHumanControllingUs: 0, StartBugReporterOnCrash: 0, Is64bit: 1, IsPro: 0

COMMAND LINE ARGUMENTS:
C:\Program Files\Unity\Hub\Editor\2020.3.19f1\Editor\Unity.exe
-adb2
-batchMode
-noUpm
-name
AssetImportWorker0
-projectPath
D:/UnrealGameProject/2122-yr2-team-4/ChaseOfGlory
-logFile
Logs/AssetImportWorker0.log
-srvPort
60386
Successfully changed project path to: D:/UnrealGameProject/2122-yr2-team-4/ChaseOfGlory
D:/UnrealGameProject/2122-yr2-team-4/ChaseOfGlory
Using Asset Import Pipeline V2.
Refreshing native plugins compatible for Editor in 35.14 ms, found 2 plugins.
Preloading 0 native plugins for Editor in 0.00 ms.
Initialize engine version: 2020.3.19f1 (68f137dc9bbe)
[Subsystems] Discovering subsystems at path C:/Program Files/Unity/Hub/Editor/2020.3.19f1/Editor/Data/Resources/UnitySubsystems
[Subsystems] Discovering subsystems at path D:/UnrealGameProject/2122-yr2-team-4/ChaseOfGlory/Assets
GfxDevice: creating device client; threaded=0
Direct3D:
    Version:  Direct3D 11.0 [level 11.1]
    Renderer: NVIDIA GeForce GTX 1050 Ti (ID=0x1c82)
    Vendor:   
    VRAM:     4018 MB
    Driver:   27.21.14.5671
Initialize mono
Mono path[0] = 'C:/Program Files/Unity/Hub/Editor/2020.3.19f1/Editor/Data/Managed'
Mono path[1] = 'C:/Program Files/Unity/Hub/Editor/2020.3.19f1/Editor/Data/MonoBleedingEdge/lib/mono/unityjit'
Mono config path = 'C:/Program Files/Unity/Hub/Editor/2020.3.19f1/Editor/Data/MonoBleedingEdge/etc'
Using monoOptions --debugger-agent=transport=dt_socket,embedding=1,server=y,suspend=n,address=127.0.0.1:56592
Begin MonoManager ReloadAssembly
Registering precompiled unity dll's ...
Register platform support module: C:/Program Files/Unity/Hub/Editor/2020.3.19f1/Editor/Data/PlaybackEngines/WindowsStandaloneSupport/UnityEditor.WindowsStandalone.Extensions.dll
Registered in 0.003219 seconds.
Native extension for WindowsStandalone target not found
Refreshing native plugins compatible for Editor in 35.17 ms, found 2 plugins.
Preloading 0 native plugins for Editor in 0.00 ms.
Mono: successfully reloaded assembly
- Completed reload, in  1.471 seconds
Domain Reload Profiling:
	ReloadAssembly (1471ms)
		BeginReloadAssembly (76ms)
			ExecutionOrderSort (0ms)
			DisableScriptedObjects (0ms)
			BackupInstance (0ms)
			ReleaseScriptingObjects (0ms)
			CreateAndSetChildDomain (1ms)
		EndReloadAssembly (527ms)
			LoadAssemblies (72ms)
			RebuildTransferFunctionScriptingTraits (0ms)
			SetupTypeCache (196ms)
			ReleaseScriptCaches (0ms)
			RebuildScriptCaches (37ms)
			SetupLoadedEditorAssemblies (202ms)
				LogAssemblyErrors (0ms)
				InitializePlatformSupportModulesInManaged (5ms)
				SetLoadedEditorAssemblies (0ms)
				RefreshPlugins (35ms)
				BeforeProcessingInitializeOnLoad (22ms)
				ProcessInitializeOnLoadAttributes (102ms)
				ProcessInitializeOnLoadMethodAttributes (37ms)
				AfterProcessingInitializeOnLoad (0ms)
				EditorAssembliesLoaded (0ms)
			ExecutionOrderSort2 (0ms)
			AwakeInstancesAfterBackupRestoration (0ms)
Platform modules already initialized, skipping
Registering precompiled user dll's ...
Registered in 0.002941 seconds.
Begin MonoManager ReloadAssembly
Native extension for WindowsStandalone target not found
Refreshing native plugins compatible for Editor in 0.39 ms, found 2 plugins.
Preloading 0 native plugins for Editor in 0.00 ms.
Mono: successfully reloaded assembly
- Completed reload, in  1.315 seconds
Domain Reload Profiling:
	ReloadAssembly (1317ms)
		BeginReloadAssembly (200ms)
			ExecutionOrderSort (0ms)
			DisableScriptedObjects (6ms)
			BackupInstance (0ms)
			ReleaseScriptingObjects (0ms)
			CreateAndSetChildDomain (24ms)
		EndReloadAssembly (1030ms)
			LoadAssemblies (118ms)
			RebuildTransferFunctionScriptingTraits (0ms)
			SetupTypeCache (344ms)
			ReleaseScriptCaches (1ms)
			RebuildScriptCaches (57ms)
			SetupLoadedEditorAssemblies (394ms)
				LogAssemblyErrors (0ms)
				InitializePlatformSupportModulesInManaged (6ms)
				SetLoadedEditorAssemblies (1ms)
				RefreshPlugins (0ms)
				BeforeProcessingInitializeOnLoad (103ms)
				ProcessInitializeOnLoadAttributes (266ms)
				ProcessInitializeOnLoadMethodAttributes (6ms)
				AfterProcessingInitializeOnLoad (12ms)
				EditorAssembliesLoaded (0ms)
			ExecutionOrderSort2 (0ms)
			AwakeInstancesAfterBackupRestoration (11ms)
Platform modules already initialized, skipping
========================================================================
Worker process is ready to serve import requests
Launched and connected shader compiler UnityShaderCompiler.exe after 0.07 seconds
Refreshing native plugins compatible for Editor in 0.80 ms, found 2 plugins.
Preloading 0 native plugins for Editor in 0.00 ms.
Unloading 1398 Unused Serialized files (Serialized files now loaded: 0)
System memory in use before: 64.8 MB.
System memory in use after: 64.9 MB.

Unloading 16 unused Assets to reduce memory usage. Loaded Objects now: 1833.
Total: 3.501700 ms (FindLiveObjects: 0.194300 ms CreateObjectMapping: 0.044500 ms MarkObjects: 3.185600 ms  DeleteObjects: 0.075800 ms)

AssetImportParameters requested are different than current active one (requested -> active):
  custom:framework-win-MediaFoundation: 216162199b28c13a410421893ffa2e32 -> 
  custom:video-decoder-ogg-theora: a1e56fd34408186e4bbccfd4996cb3dc -> 
  custom:container-muxer-webm: aa71ff27fc2769a1b78a27578f13a17b -> 
  custom:container-demuxer-webm: 4f35f7cbe854078d1ac9338744f61a02 -> 
  custom:container-demuxer-ogg: 62fdf1f143b41e24485cea50d1cbac27 -> 
  custom:video-encoder-webm-vp8: eb34c28f22e8b96e1ab97ce403110664 -> 
  custom:video-decoder-webm-vp8: 9c59270c3fd7afecdb556c50c9e8de78 -> 
  custom:audio-decoder-ogg-vorbis: bf7c407c2cedff20999df2af8eb42d56 -> 
  custom:audio-encoder-webm-vorbis: bf7c407c2cedff20999df2af8eb42d56 -> 
========================================================================
Received Import Request.
  path: Assets/Opsive
  artifactKey: Guid(ae72dd24de3573846aa1d25dc79e3c7b) Importer(815301076,1909f56bfc062723c751e8b465ee728b)
Start importing Assets/Opsive using Guid(ae72dd24de3573846aa1d25dc79e3c7b) Importer(815301076,1909f56bfc062723c751e8b465ee728b)  -> (artifact id: '6cb8591c444a07113e6d2d58ff299dc2') in 0.006192 seconds 
  Import took 0.024177 seconds .

========================================================================
Received Import Request.
  Time since last request: 0.000301 seconds.
  path: Assets/Opsive/Installer
  artifactKey: Guid(3cc18ee2cd0283a4abd90744786162fc) Importer(815301076,1909f56bfc062723c751e8b465ee728b)
Start importing Assets/Opsive/Installer using Guid(3cc18ee2cd0283a4abd90744786162fc) Importer(815301076,1909f56bfc062723c751e8b465ee728b)  -> (artifact id: '6bdd562946e6da0d5ad5150f4db5de48') in 0.002120 seconds 
  Import took 0.004448 seconds .

========================================================================
Received Import Request.
  Time since last request: 2.840272 seconds.
  path: Assets/Opsive/Installer/UltimateCharacterController
  artifactKey: Guid(3987e835f2ffaf5448ed238772c9b829) Importer(815301076,1909f56bfc062723c751e8b465ee728b)
Start importing Assets/Opsive/Installer/UltimateCharacterController using Guid(3987e835f2ffaf5448ed238772c9b829) Importer(815301076,1909f56bfc062723c751e8b465ee728b)  -> (artifact id: 'ed3ab11cd7f23d6fc502931f85bded96') in 0.002777 seconds 
  Import took 0.020978 seconds .

========================================================================
Received Import Request.
  Time since last request: 1.130949 seconds.
  path: Assets/Opsive/Installer/UltimateCharacterController/Editor
  artifactKey: Guid(1fa5eaf492095a746b30348037a7d51f) Importer(815301076,1909f56bfc062723c751e8b465ee728b)
Start importing Assets/Opsive/Installer/UltimateCharacterController/Editor using Guid(1fa5eaf492095a746b30348037a7d51f) Importer(815301076,1909f56bfc062723c751e8b465ee728b)  -> (artifact id: 'caa939ae4db3de5cc9cdb1a2878149d1') in 0.002290 seconds 
  Import took 0.005427 seconds .

========================================================================
Received Import Request.
  Time since last request: 0.794204 seconds.
  path: Assets/Opsive/Installer/UltimateCharacterController/Editor/Icons
  artifactKey: Guid(d94fae193a13deb44b98f8a0e69e481e) Importer(815301076,1909f56bfc062723c751e8b465ee728b)
Start importing Assets/Opsive/Installer/UltimateCharacterController/Editor/Icons using Guid(d94fae193a13deb44b98f8a0e69e481e) Importer(815301076,1909f56bfc062723c751e8b465ee728b)  -> (artifact id: 'fa0af8ad4f0b50f1b053adf25549ab29') in 0.002180 seconds 
  Import took 0.019592 seconds .

========================================================================
Received Import Request.
  Time since last request: 0.052907 seconds.
  path: Assets/Opsive/Installer/UltimateCharacterController/Editor/Icons/FailureDarkIcon.png
  artifactKey: Guid(a68f8c9042dadf048912bfd8f0c88018) Importer(815301076,1909f56bfc062723c751e8b465ee728b)
Start importing Assets/Opsive/Installer/UltimateCharacterController/Editor/Icons/FailureDarkIcon.png using Guid(a68f8c9042dadf048912bfd8f0c88018) Importer(815301076,1909f56bfc062723c751e8b465ee728b)  -> (artifact id: 'ead0a2ac1883ca0bc0ef24f931b89b85') in 0.140738 seconds 
  Import took 0.143882 seconds .

========================================================================
Received Import Request.
  Time since last request: 0.000317 seconds.
  path: Assets/Opsive/Installer/UltimateCharacterController/Editor/Icons/SuccessLightIcon.png
  artifactKey: Guid(7cb22900eb3ee0144b56b008cb7fbe44) Importer(815301076,1909f56bfc062723c751e8b465ee728b)
Start importing Assets/Opsive/Installer/UltimateCharacterController/Editor/Icons/SuccessLightIcon.png using Guid(7cb22900eb3ee0144b56b008cb7fbe44) Importer(815301076,1909f56bfc062723c751e8b465ee728b)  -> (artifact id: 'c5c43b23de711e672f2f3fc8b3e3b808') in 0.007704 seconds 
  Import took 0.010717 seconds .

========================================================================
Received Import Request.
  Time since last request: 0.000376 seconds.
  path: Assets/Opsive/Installer/UltimateCharacterController/Editor/Icons/SuccessDarkIcon.png
  artifactKey: Guid(2d48e8627e5fcdf40bc1f0759570ca61) Importer(815301076,1909f56bfc062723c751e8b465ee728b)
Start importing Assets/Opsive/Installer/UltimateCharacterController/Editor/Icons/SuccessDarkIcon.png using Guid(2d48e8627e5fcdf40bc1f0759570ca61) Importer(815301076,1909f56bfc062723c751e8b465ee728b)  -> (artifact id: '550b2d55664ebd9a035b5d77730918cf') in 0.008605 seconds 
  Import took 0.012460 seconds .

========================================================================
Received Import Request.
  Time since last request: 0.000465 seconds.
  path: Assets/Opsive/Installer/UltimateCharacterController/Editor/Icons/FailureLightIcon.png
  artifactKey: Guid(05bc7a74b5f6c6c4390f27a6121cf08e) Importer(815301076,1909f56bfc062723c751e8b465ee728b)
Start importing Assets/Opsive/Installer/UltimateCharacterController/Editor/Icons/FailureLightIcon.png using Guid(05bc7a74b5f6c6c4390f27a6121cf08e) Importer(815301076,1909f56bfc062723c751e8b465ee728b)  -> (artifact id: '453794bf515a0439b8ca4f8f19b14688') in 0.007961 seconds 
  Import took 0.010938 seconds .

========================================================================
Received Import Request.
  Time since last request: 3.282122 seconds.
  path: Assets/Opsive/Installer/UltimateCharacterController/UFPS2.3.6.unitypackage
  artifactKey: Guid(7b8643bd0aaefc14e97a811611e658b3) Importer(815301076,1909f56bfc062723c751e8b465ee728b)
Start importing Assets/Opsive/Installer/UltimateCharacterController/UFPS2.3.6.unitypackage using Guid(7b8643bd0aaefc14e97a811611e658b3) Importer(815301076,1909f56bfc062723c751e8b465ee728b)  -> (artifact id: '19ac2a5a52d15b5d0ee5a5e052e0e6b9') in 0.033000 seconds 
  Import took 0.059663 seconds .

========================================================================
Received Prepare
Registering precompiled user dll's ...
Registered in 0.492700 seconds.
Begin MonoManager ReloadAssembly
Native extension for WindowsStandalone target not found
Refreshing native plugins compatible for Editor in 0.99 ms, found 2 plugins.
Preloading 0 native plugins for Editor in 0.00 ms.
Mono: successfully reloaded assembly
- Completed reload, in  3.229 seconds
Domain Reload Profiling:
	ReloadAssembly (3230ms)
		BeginReloadAssembly (186ms)
			ExecutionOrderSort (0ms)
			DisableScriptedObjects (6ms)
			BackupInstance (0ms)
			ReleaseScriptingObjects (0ms)
			CreateAndSetChildDomain (43ms)
		EndReloadAssembly (2954ms)
			LoadAssemblies (1977ms)
			RebuildTransferFunctionScriptingTraits (0ms)
			SetupTypeCache (398ms)
			ReleaseScriptCaches (1ms)
			RebuildScriptCaches (64ms)
			SetupLoadedEditorAssemblies (397ms)
				LogAssemblyErrors (0ms)
				InitializePlatformSupportModulesInManaged (7ms)
				SetLoadedEditorAssemblies (1ms)
				RefreshPlugins (1ms)
				BeforeProcessingInitializeOnLoad (99ms)
				ProcessInitializeOnLoadAttributes (273ms)
				ProcessInitializeOnLoadMethodAttributes (5ms)
				AfterProcessingInitializeOnLoad (11ms)
				EditorAssembliesLoaded (1ms)
			ExecutionOrderSort2 (0ms)
			AwakeInstancesAfterBackupRestoration (10ms)
Platform modules already initialized, skipping
Refreshing native plugins compatible for Editor in 0.86 ms, found 2 plugins.
Preloading 0 native plugins for Editor in 0.00 ms.
Unloading 1852 Unused Serialized files (Serialized files now loaded: 0)
System memory in use before: 86.5 MB.
System memory in use after: 84.9 MB.

Unloading 23 unused Assets to reduce memory usage. Loaded Objects now: 2293.
Total: 5.580700 ms (FindLiveObjects: 0.262100 ms CreateObjectMapping: 0.057400 ms MarkObjects: 4.185000 ms  DeleteObjects: 1.074000 ms)

AssetImportParameters requested are different than current active one (requested -> active):
  custom:framework-win-MediaFoundation: 216162199b28c13a410421893ffa2e32 -> 
  custom:video-decoder-ogg-theora: a1e56fd34408186e4bbccfd4996cb3dc -> 
  custom:container-muxer-webm: aa71ff27fc2769a1b78a27578f13a17b -> 
  custom:container-demuxer-webm: 4f35f7cbe854078d1ac9338744f61a02 -> 
  custom:container-demuxer-ogg: 62fdf1f143b41e24485cea50d1cbac27 -> 
  custom:video-encoder-webm-vp8: eb34c28f22e8b96e1ab97ce403110664 -> 
  custom:video-decoder-webm-vp8: 9c59270c3fd7afecdb556c50c9e8de78 -> 
  custom:audio-decoder-ogg-vorbis: bf7c407c2cedff20999df2af8eb42d56 -> 
  custom:audio-encoder-webm-vorbis: bf7c407c2cedff20999df2af8eb42d56 -> 
========================================================================
Received Import Request.
  Time since last request: 1871.292793 seconds.
  path: Assets/Opsive/UltimateCharacterController
  artifactKey: Guid(ae3af8932455cb14e8263fdfdb71d56d) Importer(815301076,1909f56bfc062723c751e8b465ee728b)
Start importing Assets/Opsive/UltimateCharacterController using Guid(ae3af8932455cb14e8263fdfdb71d56d) Importer(815301076,1909f56bfc062723c751e8b465ee728b)  -> (artifact id: '5db0860f93bd959eb5defd3d1e9deea3') in 0.095434 seconds 
  Import took 0.168817 seconds .

========================================================================
Received Import Request.
  Time since last request: 2.052657 seconds.
  path: Assets/Opsive/UltimateCharacterController/Demo
  artifactKey: Guid(7e7d2a7222b904048bbb030afdb13ffd) Importer(815301076,1909f56bfc062723c751e8b465ee728b)
Start importing Assets/Opsive/UltimateCharacterController/Demo using Guid(7e7d2a7222b904048bbb030afdb13ffd) Importer(815301076,1909f56bfc062723c751e8b465ee728b)  -> (artifact id: '67a85d09b510575487252e1193e68781') in 0.014852 seconds 
  Import took 0.024188 seconds .

========================================================================
Received Import Request.
  Time since last request: 1.677992 seconds.
  path: Assets/Opsive/UltimateCharacterController/Demo/UFPSDemo.unity
  artifactKey: Guid(fa42448fd51d6ad4192c175f227a124b) Importer(815301076,1909f56bfc062723c751e8b465ee728b)
Start importing Assets/Opsive/UltimateCharacterController/Demo/UFPSDemo.unity using Guid(fa42448fd51d6ad4192c175f227a124b) Importer(815301076,1909f56bfc062723c751e8b465ee728b)  -> (artifact id: 'aaa1e3efc0fc69ff74a67ddb39449db7') in 0.227152 seconds 
  Import took 0.254896 seconds .

========================================================================
Received Import Request.
  Time since last request: 158.270635 seconds.
  path: Assets/Opsive/UltimateCharacterController/README.txt
  artifactKey: Guid(e83b3f9d2b9295440a6f7d1a903c44d8) Importer(815301076,1909f56bfc062723c751e8b465ee728b)
Start importing Assets/Opsive/UltimateCharacterController/README.txt using Guid(e83b3f9d2b9295440a6f7d1a903c44d8) Importer(815301076,1909f56bfc062723c751e8b465ee728b)  -> (artifact id: '6057bfa342c816f7ed6874bc04335e33') in 0.043907 seconds 
  Import took 0.071195 seconds .

========================================================================
Received Import Request.
  Time since last request: 3.337593 seconds.
  path: Assets/Opsive/UltimateCharacterController/Editor
  artifactKey: Guid(b33d9cd386d0efb42b7b849f69d50c18) Importer(815301076,1909f56bfc062723c751e8b465ee728b)
Start importing Assets/Opsive/UltimateCharacterController/Editor using Guid(b33d9cd386d0efb42b7b849f69d50c18) Importer(815301076,1909f56bfc062723c751e8b465ee728b)  -> (artifact id: '6989cf319780194128b2a7059bb9cd7a') in 0.002990 seconds 
  Import took 0.022247 seconds .

========================================================================
Received Import Request.
  Time since last request: 0.055580 seconds.
  path: Assets/Opsive/UltimateCharacterController/Editor/Opsive.UltimateCharacterController.Editor.asmdef
  artifactKey: Guid(20dfc4c7578775b408501a7e6bd820e7) Importer(815301076,1909f56bfc062723c751e8b465ee728b)
Start importing Assets/Opsive/UltimateCharacterController/Editor/Opsive.UltimateCharacterController.Editor.asmdef using Guid(20dfc4c7578775b408501a7e6bd820e7) Importer(815301076,1909f56bfc062723c751e8b465ee728b)  -> (artifact id: '01f8d8918240c13fa689a4455d1d42ca') in 0.046372 seconds 
  Import took 0.051437 seconds .

========================================================================
Received Import Request.
  Time since last request: 8.445127 seconds.
  path: Assets/Opsive/Shared
  artifactKey: Guid(c1e800c65ef16494da0fca9859388e45) Importer(815301076,1909f56bfc062723c751e8b465ee728b)
Start importing Assets/Opsive/Shared using Guid(c1e800c65ef16494da0fca9859388e45) Importer(815301076,1909f56bfc062723c751e8b465ee728b)  -> (artifact id: 'c81902af84fa1fbef021a7a73745346d') in 0.002916 seconds 
  Import took 0.007192 seconds .

========================================================================
Received Import Request.
  Time since last request: 0.136180 seconds.
  path: Assets/Opsive/Shared/Opsive.Shared.asmdef
  artifactKey: Guid(d8e89a79cd8df884b8d5b3356783eb74) Importer(815301076,1909f56bfc062723c751e8b465ee728b)
Start importing Assets/Opsive/Shared/Opsive.Shared.asmdef using Guid(d8e89a79cd8df884b8d5b3356783eb74) Importer(815301076,1909f56bfc062723c751e8b465ee728b)  -> (artifact id: '9fcff75adee6593812fb960e33bc5f6e') in 0.053706 seconds 
  Import took 0.058381 seconds .

========================================================================
Received Import Request.
  Time since last request: 15.909195 seconds.
  path: Assets/Opsive/Shared/StateSystem
  artifactKey: Guid(74f6f696dfd38944cbe48c90766f8373) Importer(815301076,1909f56bfc062723c751e8b465ee728b)
Start importing Assets/Opsive/Shared/StateSystem using Guid(74f6f696dfd38944cbe48c90766f8373) Importer(815301076,1909f56bfc062723c751e8b465ee728b)  -> (artifact id: '7c9a82bf418fca2c00e7fcc1de98148f') in 0.017341 seconds 
  Import took 0.021333 seconds .

========================================================================
Received Import Request.
  Time since last request: 53.603320 seconds.
  path: Assets/Opsive/UltimateCharacterController/Demo/PhysicsMaterials
  artifactKey: Guid(574a5b564b721a24b9f64a3efe66fe68) Importer(815301076,1909f56bfc062723c751e8b465ee728b)
Start importing Assets/Opsive/UltimateCharacterController/Demo/PhysicsMaterials using Guid(574a5b564b721a24b9f64a3efe66fe68) Importer(815301076,1909f56bfc062723c751e8b465ee728b)  -> (artifact id: '7ae3b7f8cb42c1fbe94d8c9164be4356') in 0.207496 seconds 
  Import took 0.224649 seconds .

========================================================================
Received Import Request.
  Time since last request: 0.000389 seconds.
  path: Assets/Opsive/UltimateCharacterController/Demo/PhysicsMaterials/Frictionless.physicMaterial
  artifactKey: Guid(55dc46742c445f5489f53610a29708fe) Importer(815301076,1909f56bfc062723c751e8b465ee728b)
Start importing Assets/Opsive/UltimateCharacterController/Demo/PhysicsMaterials/Frictionless.physicMaterial using Guid(55dc46742c445f5489f53610a29708fe) Importer(815301076,1909f56bfc062723c751e8b465ee728b)  -> (artifact id: '317e7cf29b434f2ba61a3e67f4c21702') in 0.020789 seconds 
  Import took 0.039280 seconds .

========================================================================
Received Import Request.
  Time since last request: 0.000380 seconds.
  path: Assets/Opsive/UltimateCharacterController/Demo/PhysicsMaterials/Character.physicMaterial
  artifactKey: Guid(b202ee37f3bfe31498a60fa2c5a67885) Importer(815301076,1909f56bfc062723c751e8b465ee728b)
Start importing Assets/Opsive/UltimateCharacterController/Demo/PhysicsMaterials/Character.physicMaterial using Guid(b202ee37f3bfe31498a60fa2c5a67885) Importer(815301076,1909f56bfc062723c751e8b465ee728b)  -> (artifact id: 'df3c97a7826047e76535a0f6afe2a07b') in 0.016147 seconds 
  Import took 0.029681 seconds .

========================================================================
Received Import Request.
  Time since last request: 3.536906 seconds.
  path: Assets/Opsive/UltimateCharacterController/Editor/Controls
  artifactKey: Guid(9340bd19b440919419df2ab2123a5a47) Importer(815301076,1909f56bfc062723c751e8b465ee728b)
Start importing Assets/Opsive/UltimateCharacterController/Editor/Controls using Guid(9340bd19b440919419df2ab2123a5a47) Importer(815301076,1909f56bfc062723c751e8b465ee728b)  -> (artifact id: '1b48c515f1d7bdaf73685fa7c51cfecd') in 0.002640 seconds 
  Import took 0.007486 seconds .

========================================================================
Received Import Request.
  Time since last request: 5.159502 seconds.
  path: Assets/Opsive/Shared/Game
  artifactKey: Guid(ba080aa777f9bd941b5f9f0834718487) Importer(815301076,1909f56bfc062723c751e8b465ee728b)
Start importing Assets/Opsive/Shared/Game using Guid(ba080aa777f9bd941b5f9f0834718487) Importer(815301076,1909f56bfc062723c751e8b465ee728b)  -> (artifact id: 'aaf528e200fb26daec0355f8b173d8aa') in 0.034788 seconds 
  Import took 0.038436 seconds .

========================================================================
Received Import Request.
  Time since last request: 1.452724 seconds.
  path: Assets/Opsive/Shared/Inventory
  artifactKey: Guid(72abc37189dbd4548945b0f476a7a597) Importer(815301076,1909f56bfc062723c751e8b465ee728b)
Start importing Assets/Opsive/Shared/Inventory using Guid(72abc37189dbd4548945b0f476a7a597) Importer(815301076,1909f56bfc062723c751e8b465ee728b)  -> (artifact id: '3472d47d43387e24b224fa80d1b4746e') in 0.020105 seconds 
  Import took 0.023992 seconds .

========================================================================
Received Import Request.
  Time since last request: 1.959803 seconds.
  path: Assets/Opsive/Shared/Utility
  artifactKey: Guid(654c98b254f2e674fa79a42e98e2532a) Importer(815301076,1909f56bfc062723c751e8b465ee728b)
Start importing Assets/Opsive/Shared/Utility using Guid(654c98b254f2e674fa79a42e98e2532a) Importer(815301076,1909f56bfc062723c751e8b465ee728b)  -> (artifact id: 'f7c23953a515b07de4d7c37fbdacf44d') in 0.036228 seconds 
  Import took 0.040725 seconds .

========================================================================
Received Prepare
Registering precompiled user dll's ...
Registered in 0.005549 seconds.
Begin MonoManager ReloadAssembly
Native extension for WindowsStandalone target not found
Refreshing native plugins compatible for Editor in 0.79 ms, found 2 plugins.
Preloading 0 native plugins for Editor in 0.00 ms.
Mono: successfully reloaded assembly
- Completed reload, in  5.494 seconds
Domain Reload Profiling:
	ReloadAssembly (5533ms)
		BeginReloadAssembly (3806ms)
			ExecutionOrderSort (0ms)
			DisableScriptedObjects (571ms)
			BackupInstance (0ms)
			ReleaseScriptingObjects (0ms)
			CreateAndSetChildDomain (2582ms)
		EndReloadAssembly (1545ms)
			LoadAssemblies (293ms)
			RebuildTransferFunctionScriptingTraits (0ms)
			SetupTypeCache (546ms)
			ReleaseScriptCaches (1ms)
			RebuildScriptCaches (50ms)
			SetupLoadedEditorAssemblies (507ms)
				LogAssemblyErrors (0ms)
				InitializePlatformSupportModulesInManaged (9ms)
				SetLoadedEditorAssemblies (2ms)
				RefreshPlugins (1ms)
				BeforeProcessingInitializeOnLoad (155ms)
				ProcessInitializeOnLoadAttributes (323ms)
				ProcessInitializeOnLoadMethodAttributes (6ms)
				AfterProcessingInitializeOnLoad (11ms)
				EditorAssembliesLoaded (1ms)
			ExecutionOrderSort2 (0ms)
			AwakeInstancesAfterBackupRestoration (16ms)
Platform modules already initialized, skipping
Refreshing native plugins compatible for Editor in 0.82 ms, found 2 plugins.
Preloading 0 native plugins for Editor in 0.00 ms.
Unloading 1851 Unused Serialized files (Serialized files now loaded: 0)
System memory in use before: 86.4 MB.
System memory in use after: 84.9 MB.

Unloading 23 unused Assets to reduce memory usage. Loaded Objects now: 2295.
Total: 5.791800 ms (FindLiveObjects: 0.264700 ms CreateObjectMapping: 0.060200 ms MarkObjects: 4.052800 ms  DeleteObjects: 1.411900 ms)

AssetImportParameters requested are different than current active one (requested -> active):
  custom:framework-win-MediaFoundation: 216162199b28c13a410421893ffa2e32 -> 
  custom:video-decoder-ogg-theora: a1e56fd34408186e4bbccfd4996cb3dc -> 
  custom:container-muxer-webm: aa71ff27fc2769a1b78a27578f13a17b -> 
  custom:container-demuxer-webm: 4f35f7cbe854078d1ac9338744f61a02 -> 
  custom:container-demuxer-ogg: 62fdf1f143b41e24485cea50d1cbac27 -> 
  custom:video-encoder-webm-vp8: eb34c28f22e8b96e1ab97ce403110664 -> 
  custom:video-decoder-webm-vp8: 9c59270c3fd7afecdb556c50c9e8de78 -> 
  custom:audio-decoder-ogg-vorbis: bf7c407c2cedff20999df2af8eb42d56 -> 
  custom:audio-encoder-webm-vorbis: bf7c407c2cedff20999df2af8eb42d56 -> 
========================================================================
Received Import Request.
  Time since last request: 59.012630 seconds.
  path: Assets/Opsive/UltimateCharacterController/Documentation.pdf
  artifactKey: Guid(637e4b28aa4cb9c44a5fa184c93180f0) Importer(815301076,1909f56bfc062723c751e8b465ee728b)
Start importing Assets/Opsive/UltimateCharacterController/Documentation.pdf using Guid(637e4b28aa4cb9c44a5fa184c93180f0) Importer(815301076,1909f56bfc062723c751e8b465ee728b)  -> (artifact id: 'b95440f73650b7d3c6ed20662871ad2b') in 0.053603 seconds 
  Import took 0.080090 seconds .

========================================================================
Received Import Request.
  Time since last request: 93.407323 seconds.
  path: Assets/Opsive/UltimateCharacterController/Editor/Utility
  artifactKey: Guid(49edccbe561251d4cb6902f287e7329b) Importer(815301076,1909f56bfc062723c751e8b465ee728b)
Start importing Assets/Opsive/UltimateCharacterController/Editor/Utility using Guid(49edccbe561251d4cb6902f287e7329b) Importer(815301076,1909f56bfc062723c751e8b465ee728b)  -> (artifact id: 'e83605b14f871936dc6de6f311be4357') in 0.003029 seconds 
  Import took 0.028231 seconds .

========================================================================
Received Import Request.
  Time since last request: 19.274341 seconds.
  path: Assets/Opsive/UltimateCharacterController/Editor/Managers
  artifactKey: Guid(ee970d79318d07441920e50e2afa55c9) Importer(815301076,1909f56bfc062723c751e8b465ee728b)
Start importing Assets/Opsive/UltimateCharacterController/Editor/Managers using Guid(ee970d79318d07441920e50e2afa55c9) Importer(815301076,1909f56bfc062723c751e8b465ee728b)  -> (artifact id: '4a7b1607d169f36bb064c44865c5b912') in 0.003782 seconds 
  Import took 0.038654 seconds .

========================================================================
Received Import Request.
  Time since last request: 2.618199 seconds.
  path: Assets/Opsive/UltimateCharacterController/Editor/Inspectors
  artifactKey: Guid(9c8be78976bb8cf438f2d1334e4a31e1) Importer(815301076,1909f56bfc062723c751e8b465ee728b)
Start importing Assets/Opsive/UltimateCharacterController/Editor/Inspectors using Guid(9c8be78976bb8cf438f2d1334e4a31e1) Importer(815301076,1909f56bfc062723c751e8b465ee728b)  -> (artifact id: 'f2bdc7eff551208599f97ffb0a944137') in 0.002248 seconds 
  Import took 0.007047 seconds .

========================================================================
Received Import Request.
  Time since last request: 3.798369 seconds.
  path: Assets/Opsive/UltimateCharacterController/Demo/README.txt
  artifactKey: Guid(fb530f2dd29603144a51d68ca5ed5b46) Importer(815301076,1909f56bfc062723c751e8b465ee728b)
Start importing Assets/Opsive/UltimateCharacterController/Demo/README.txt using Guid(fb530f2dd29603144a51d68ca5ed5b46) Importer(815301076,1909f56bfc062723c751e8b465ee728b)  -> (artifact id: '1df70adacd545a47fa215dde571c92cb') in 0.002701 seconds 
  Import took 0.023843 seconds .

========================================================================
Received Import Request.
  Time since last request: 1.207770 seconds.
  path: Assets/Opsive/UltimateCharacterController/Demo/Animations
  artifactKey: Guid(63a6fd638b9eeab4ba183e037bde9e9a) Importer(815301076,1909f56bfc062723c751e8b465ee728b)
Start importing Assets/Opsive/UltimateCharacterController/Demo/Animations using Guid(63a6fd638b9eeab4ba183e037bde9e9a) Importer(815301076,1909f56bfc062723c751e8b465ee728b)  -> (artifact id: 'fa84358deb95d7c8fe6abbff39a8d21a') in 0.002543 seconds 
  Import took 0.021527 seconds .

========================================================================
Received Import Request.
  Time since last request: 1.315349 seconds.
  path: Assets/Opsive/UltimateCharacterController/Demo/Animator
  artifactKey: Guid(22265a6f620ea8643b7a29ff11dbff06) Importer(815301076,1909f56bfc062723c751e8b465ee728b)
Start importing Assets/Opsive/UltimateCharacterController/Demo/Animator using Guid(22265a6f620ea8643b7a29ff11dbff06) Importer(815301076,1909f56bfc062723c751e8b465ee728b)  -> (artifact id: '6b5d96f275be465a0ded5ded6f5f437e') in 0.012134 seconds 
  Import took 0.016300 seconds .

========================================================================
Received Import Request.
  Time since last request: 121.951077 seconds.
  path: Assets/Opsive/UltimateCharacterController/Scripts
  artifactKey: Guid(c032465e264caca478f3f686be39b9c3) Importer(815301076,1909f56bfc062723c751e8b465ee728b)
Start importing Assets/Opsive/UltimateCharacterController/Scripts using Guid(c032465e264caca478f3f686be39b9c3) Importer(815301076,1909f56bfc062723c751e8b465ee728b)  -> (artifact id: '8dc4d8c6f9f42f138f7cb6cde635ca96') in 0.002347 seconds 
  Import took 0.022161 seconds .

========================================================================
Received Import Request.
  Time since last request: 0.000365 seconds.
  path: Assets/Opsive/UltimateCharacterController/Scripts/Opsive.UltimateCharacterController.asmdef
  artifactKey: Guid(cb7ef9d091ef9704cac35413bf140440) Importer(815301076,1909f56bfc062723c751e8b465ee728b)
Start importing Assets/Opsive/UltimateCharacterController/Scripts/Opsive.UltimateCharacterController.asmdef using Guid(cb7ef9d091ef9704cac35413bf140440) Importer(815301076,1909f56bfc062723c751e8b465ee728b)  -> (artifact id: '20a7d788bbb040e411812f3cae8ec53c') in 0.002249 seconds 
  Import took 0.016775 seconds .

========================================================================
Received Import Request.
  Time since last request: 2.035711 seconds.
  path: Assets/Opsive/UltimateCharacterController/Shaders
  artifactKey: Guid(f0bb074a94fbf144ba9df8bc56e4f8ed) Importer(815301076,1909f56bfc062723c751e8b465ee728b)
Start importing Assets/Opsive/UltimateCharacterController/Shaders using Guid(f0bb074a94fbf144ba9df8bc56e4f8ed) Importer(815301076,1909f56bfc062723c751e8b465ee728b)  -> (artifact id: 'e0f24451bb132c21a0892bf0fdb7da72') in 0.002596 seconds 
  Import took 0.006658 seconds .

AssetImportWorkerClient::OnTransportError - code=2 error=End of file
